2025-04-07 22:21:22,382 - INFO - Sorted .mp3 files: ['chapter-1-cornelius-fudge.mp3', 'chapter-3-death-chamber.mp3', 'chapter-11-pensieve-memories.mp3'] in folder inputFiles\testComp1
2025-04-07 22:21:40,416 - INFO - Sorted .mp3 files: ['chapter-1-cornelius-fudge.mp3', 'chapter-2-pensieve-memories.mp3'] in folder inputFiles\testComp2
2025-04-07 22:21:50,921 - INFO - Sorted .mp3 files: ['chapter-1-cornelius-fudge.mp3', 'chapter-2-pensieve-memories.mp3'] in folder inputFiles\testComp3
2025-04-07 22:22:01,555 - INFO - Audio files to be uploaded: ['testComp1.mp3', 'testComp2.mp3', 'testComp3.mp3']
2025-04-07 22:24:50,100 - INFO - Error code from Windows: 0 - The operation completed successfully.
2025-04-07 22:25:00,101 - INFO - Error code from Windows: 0 - The operation completed successfully.
2025-04-07 22:25:10,106 - INFO - Error code from Windows: 0 - The operation completed successfully.
2025-04-07 23:03:39,789 - INFO - Sorted .mp3 files: ['chapter-1-cornelius-fudge.mp3', 'chapter-3-death-chamber.mp3', 'chapter-11-pensieve-memories.mp3'] in folder inputFiles\testComp1
2025-04-07 23:03:56,714 - INFO - Sorted .mp3 files: ['chapter-1-cornelius-fudge.mp3', 'chapter-2-pensieve-memories.mp3'] in folder inputFiles\testComp2
2025-04-07 23:04:10,053 - INFO - Sorted .mp3 files: ['chapter-1-cornelius-fudge.mp3', 'chapter-2-pensieve-memories.mp3'] in folder inputFiles\testComp3
2025-04-07 23:04:23,903 - INFO - Audio files to be uploaded: ['testComp1.mp3', 'testComp2.mp3', 'testComp3.mp3']
2025-04-07 23:28:59,760 - INFO - Sorted .mp3 files: ['chapter-1-cornelius-fudge.mp3', 'chapter-3-death-chamber.mp3', 'chapter-11-pensieve-memories.mp3'] in folder inputFiles\testComp1
2025-04-07 23:29:24,812 - INFO - Sorted .mp3 files: ['chapter-1-cornelius-fudge.mp3', 'chapter-2-pensieve-memories.mp3'] in folder inputFiles\testComp2
2025-04-07 23:29:36,127 - INFO - Sorted .mp3 files: ['chapter-1-cornelius-fudge.mp3', 'chapter-2-pensieve-memories.mp3'] in folder inputFiles\testComp3
2025-04-07 23:29:47,405 - INFO - Audio files to be uploaded: ['testComp1.mp3', 'testComp2.mp3', 'testComp3.mp3']
2025-04-07 23:33:59,756 - INFO - Error code from Windows: 0 - The operation completed successfully.
2025-04-07 23:34:09,757 - INFO - Error code from Windows: 0 - The operation completed successfully.
2025-04-07 23:34:19,761 - INFO - Error code from Windows: 0 - The operation completed successfully.
2025-04-08 20:54:15,825 - INFO - Sorted .mp3 files: ['chapter-1-cornelius-fudge - Copy (2).mp3', 'chapter-1-cornelius-fudge - Copy (3).mp3', 'chapter-1-cornelius-fudge - Copy.mp3', 'chapter-1-cornelius-fudge.mp3', 'chapter-3-death-chamber - Copy (2).mp3', 'chapter-3-death-chamber - Copy (3).mp3', 'chapter-3-death-chamber - Copy.mp3', 'chapter-3-death-chamber.mp3', 'chapter-11-pensieve-memories - Copy (2).mp3', 'chapter-11-pensieve-memories - Copy (3).mp3', 'chapter-11-pensieve-memories - Copy.mp3', 'chapter-11-pensieve-memories.mp3'] in folder inputFiles\test1
2025-04-08 20:55:30,267 - INFO - Sorted .mp3 files: ['chapter-1-cornelius-fudge - Copy (2).mp3', 'chapter-3-death-chamber - Copy (2).mp3'] in folder inputFiles\test2
2025-04-08 20:55:43,931 - INFO - Sorted .mp3 files: ['chapter-1-cornelius-fudge - Copy (2).mp3', 'chapter-3-death-chamber - Copy (2).mp3'] in folder inputFiles\test3
2025-04-08 20:55:58,840 - INFO - Audio files to be uploaded: ['test1.mp3', 'test2.mp3', 'test3.mp3']
2025-04-08 21:03:13,736 - INFO - Audio files to be uploaded: ['test1.mp3', 'test2.mp3', 'test3.mp3']
2025-04-08 21:05:48,609 - INFO - Audio files to be uploaded: ['test1.mp3', 'test2.mp3', 'test3.mp3']
2025-04-08 21:13:38,393 - INFO - Clipboard content is not a valid link.
2025-04-08 21:15:12,522 - INFO - Clipboard content is not a valid link.
2025-04-08 21:16:38,601 - INFO - Clipboard content is not a valid link.
2025-04-08 21:42:07,062 - INFO - Audio files to be uploaded: ['test2.mp3', 'test3.mp3']
2025-04-08 21:45:03,365 - INFO - Clipboard content is not a valid link.
2025-04-08 21:46:29,205 - INFO - Saved link: https://share.descript.com/view/Lg6Fl7JLfP3 to downloadLinks.txt
2025-04-08 21:46:30,570 - INFO - Downloading from https://share.descript.com/view/Lg6Fl7JLfP3...
2025-04-08 21:58:50,884 - INFO - Audio files to be uploaded: ['test2.mp3', 'test3.mp3']
2025-04-08 22:00:22,934 - INFO - Audio files to be uploaded: ['test2.mp3', 'test3.mp3']
2025-04-08 22:01:11,897 - INFO - Audio files to be uploaded: ['test2.mp3', 'test3.mp3']
2025-04-08 22:02:14,498 - INFO - Audio files to be uploaded: ['test2.mp3', 'test3.mp3']
2025-04-08 22:04:39,461 - INFO - Audio files to be uploaded: ['test2.mp3', 'test3.mp3']
2025-04-08 22:05:58,251 - INFO - Audio files to be uploaded: ['test2.mp3', 'test3.mp3']
2025-04-08 22:06:55,768 - INFO - Audio files to be uploaded: ['test2.mp3', 'test3.mp3']
2025-04-08 22:07:37,701 - INFO - Audio files to be uploaded: ['test2.mp3', 'test3.mp3']
2025-04-08 22:09:20,454 - INFO - Audio files to be uploaded: ['test2.mp3', 'test3.mp3']
2025-04-08 22:22:28,195 - INFO - Audio files to be uploaded: ['test2.mp3', 'test3.mp3']
2025-04-08 22:26:30,716 - INFO - Audio files to be uploaded: ['test2.mp3', 'test3.mp3']
2025-04-08 22:29:58,785 - INFO - Clipboard content  is not a valid link.
2025-04-08 22:31:22,839 - INFO - Clipboard content  is not a valid link.
2025-04-08 22:35:20,474 - INFO - Sorted .mp3 files: ['chapter-1-cornelius-fudge - Copy (2).mp3', 'chapter-3-death-chamber - Copy (2).mp3'] in folder inputFiles\test2
2025-04-08 22:35:34,584 - INFO - Sorted .mp3 files: ['chapter-1-cornelius-fudge - Copy (2).mp3', 'chapter-3-death-chamber - Copy (2).mp3'] in folder inputFiles\test3
2025-04-08 22:35:47,141 - INFO - Audio files to be uploaded: ['test2.mp3', 'test3.mp3']
2025-04-08 22:36:33,248 - INFO - Sorted .mp3 files: ['chapter-1-cornelius-fudge - Copy (2).mp3', 'chapter-3-death-chamber - Copy (2).mp3'] in folder inputFiles\test2
2025-04-08 22:36:44,617 - INFO - Sorted .mp3 files: ['chapter-1-cornelius-fudge - Copy (2).mp3', 'chapter-3-death-chamber - Copy (2).mp3'] in folder inputFiles\test3
2025-04-08 22:36:55,967 - INFO - Audio files to be uploaded: ['test2.mp3', 'test3.mp3']
2025-04-08 22:40:24,455 - INFO - Clipboard content copySuccessul is not a valid link.
2025-04-08 22:44:01,963 - INFO - Sorted .mp3 files: ['chapter-1-cornelius-fudge - Copy (2).mp3', 'chapter-3-death-chamber - Copy (2).mp3'] in folder inputFiles\test2
2025-04-08 22:45:52,664 - INFO - Sorted .mp3 files: ['chapter-1-cornelius-fudge - Copy (2).mp3', 'chapter-3-death-chamber - Copy (2).mp3'] in folder inputFiles\test2
2025-04-08 22:46:05,197 - INFO - Sorted .mp3 files: ['chapter-1-cornelius-fudge - Copy (2).mp3', 'chapter-3-death-chamber - Copy (2).mp3'] in folder inputFiles\test3
2025-04-08 22:46:17,214 - INFO - Audio files to be uploaded: ['test2.mp3', 'test3.mp3']
2025-04-08 22:48:08,154 - INFO - Sorted .mp3 files: ['chapter-1-cornelius-fudge - Copy (2).mp3', 'chapter-3-death-chamber - Copy (2).mp3'] in folder inputFiles\test2
2025-04-08 22:48:20,175 - INFO - Sorted .mp3 files: ['chapter-1-cornelius-fudge - Copy (2).mp3', 'chapter-3-death-chamber - Copy (2).mp3'] in folder inputFiles\test3
2025-04-08 22:48:32,699 - INFO - Audio files to be uploaded: ['test2.mp3', 'test3.mp3']
2025-04-08 22:51:35,167 - INFO - Clipboard content  is not a valid link.
2025-04-08 22:51:36,357 - INFO - Error in try block on line 124: Message: element click intercepted: Element <button type="button" class="Button-module--2AQvsc row gap-1 rounded-sm px-2 hover:bg-grey-50-a min-w-0 h-5 index-module--Xqq1rn Button-module--qEyijN Button-module--clkIKS" data-testid="composition-popover-trigger">...</button> is not clickable at point (814, 24). Other element would receive the click: <html lang="en" class="dark-ok ProjectEditorRedesign-module--wxlW3T">...</html>
  (Session info: chrome=135.0.7049.42)
Stacktrace:
	GetHandleVerifier [0x00007FF7C0C41F55+78133]
	GetHandleVerifier [0x00007FF7C0C41FB0+78224]
	(No symbol) [0x00007FF7C0A091BA]
	(No symbol) [0x00007FF7C0A670D9]
	(No symbol) [0x00007FF7C0A64A92]
	(No symbol) [0x00007FF7C0A61B31]
	(No symbol) [0x00007FF7C0A60A31]
	(No symbol) [0x00007FF7C0A52164]
	(No symbol) [0x00007FF7C0A8715A]
	(No symbol) [0x00007FF7C0A51A16]
	(No symbol) [0x00007FF7C0A87370]
	(No symbol) [0x00007FF7C0AAF21F]
	(No symbol) [0x00007FF7C0A86F33]
	(No symbol) [0x00007FF7C0A50358]
	(No symbol) [0x00007FF7C0A510C3]
	GetHandleVerifier [0x00007FF7C0F0BA8D+3001453]
	GetHandleVerifier [0x00007FF7C0F05E72+2977874]
	GetHandleVerifier [0x00007FF7C0F2497D+3103581]
	GetHandleVerifier [0x00007FF7C0C5C7EA+186826]
	GetHandleVerifier [0x00007FF7C0C643FF+218591]
	GetHandleVerifier [0x00007FF7C0C49D94+110452]
	GetHandleVerifier [0x00007FF7C0C49F42+110882]
	GetHandleVerifier [0x00007FF7C0C30379+5465]
	BaseThreadInitThunk [0x00007FFAFFDFE8D7+23]
	RtlUserThreadStart [0x00007FFB01FBBF6C+44]

2025-04-08 22:51:38,591 - INFO - Error in try block on line 124: Message: element click intercepted: Element <button type="button" class="Button-module--2AQvsc row gap-1 rounded-sm px-2 hover:bg-grey-50-a min-w-0 h-5 index-module--Xqq1rn Button-module--qEyijN Button-module--clkIKS" data-testid="composition-popover-trigger">...</button> is not clickable at point (814, 24). Other element would receive the click: <html lang="en" class="dark-ok ProjectEditorRedesign-module--wxlW3T">...</html>
  (Session info: chrome=135.0.7049.42)
Stacktrace:
	GetHandleVerifier [0x00007FF7C0C41F55+78133]
	GetHandleVerifier [0x00007FF7C0C41FB0+78224]
	(No symbol) [0x00007FF7C0A091BA]
	(No symbol) [0x00007FF7C0A670D9]
	(No symbol) [0x00007FF7C0A64A92]
	(No symbol) [0x00007FF7C0A61B31]
	(No symbol) [0x00007FF7C0A60A31]
	(No symbol) [0x00007FF7C0A52164]
	(No symbol) [0x00007FF7C0A8715A]
	(No symbol) [0x00007FF7C0A51A16]
	(No symbol) [0x00007FF7C0A87370]
	(No symbol) [0x00007FF7C0AAF21F]
	(No symbol) [0x00007FF7C0A86F33]
	(No symbol) [0x00007FF7C0A50358]
	(No symbol) [0x00007FF7C0A510C3]
	GetHandleVerifier [0x00007FF7C0F0BA8D+3001453]
	GetHandleVerifier [0x00007FF7C0F05E72+2977874]
	GetHandleVerifier [0x00007FF7C0F2497D+3103581]
	GetHandleVerifier [0x00007FF7C0C5C7EA+186826]
	GetHandleVerifier [0x00007FF7C0C643FF+218591]
	GetHandleVerifier [0x00007FF7C0C49D94+110452]
	GetHandleVerifier [0x00007FF7C0C49F42+110882]
	GetHandleVerifier [0x00007FF7C0C30379+5465]
	BaseThreadInitThunk [0x00007FFAFFDFE8D7+23]
	RtlUserThreadStart [0x00007FFB01FBBF6C+44]

2025-04-08 22:52:16,183 - INFO - Clipboard content  is not a valid link.
2025-04-08 22:52:17,622 - INFO - Error in try block on line 124: Message: element click intercepted: Element <button type="button" class="Button-module--2AQvsc row gap-1 rounded-sm px-2 hover:bg-grey-50-a min-w-0 h-5 index-module--Xqq1rn Button-module--qEyijN Button-module--clkIKS" data-testid="composition-popover-trigger">...</button> is not clickable at point (814, 24). Other element would receive the click: <html lang="en" class="dark-ok ProjectEditorRedesign-module--wxlW3T">...</html>
  (Session info: chrome=135.0.7049.42)
Stacktrace:
	GetHandleVerifier [0x00007FF7C0C41F55+78133]
	GetHandleVerifier [0x00007FF7C0C41FB0+78224]
	(No symbol) [0x00007FF7C0A091BA]
	(No symbol) [0x00007FF7C0A670D9]
	(No symbol) [0x00007FF7C0A64A92]
	(No symbol) [0x00007FF7C0A61B31]
	(No symbol) [0x00007FF7C0A60A31]
	(No symbol) [0x00007FF7C0A52164]
	(No symbol) [0x00007FF7C0A8715A]
	(No symbol) [0x00007FF7C0A51A16]
	(No symbol) [0x00007FF7C0A87370]
	(No symbol) [0x00007FF7C0AAF21F]
	(No symbol) [0x00007FF7C0A86F33]
	(No symbol) [0x00007FF7C0A50358]
	(No symbol) [0x00007FF7C0A510C3]
	GetHandleVerifier [0x00007FF7C0F0BA8D+3001453]
	GetHandleVerifier [0x00007FF7C0F05E72+2977874]
	GetHandleVerifier [0x00007FF7C0F2497D+3103581]
	GetHandleVerifier [0x00007FF7C0C5C7EA+186826]
	GetHandleVerifier [0x00007FF7C0C643FF+218591]
	GetHandleVerifier [0x00007FF7C0C49D94+110452]
	GetHandleVerifier [0x00007FF7C0C49F42+110882]
	GetHandleVerifier [0x00007FF7C0C30379+5465]
	BaseThreadInitThunk [0x00007FFAFFDFE8D7+23]
	RtlUserThreadStart [0x00007FFB01FBBF6C+44]

2025-04-08 22:52:19,959 - INFO - Error in try block on line 124: Message: element click intercepted: Element <button type="button" class="Button-module--2AQvsc row gap-1 rounded-sm px-2 hover:bg-grey-50-a min-w-0 h-5 index-module--Xqq1rn Button-module--qEyijN Button-module--clkIKS" data-testid="composition-popover-trigger">...</button> is not clickable at point (814, 24). Other element would receive the click: <html lang="en" class="dark-ok ProjectEditorRedesign-module--wxlW3T">...</html>
  (Session info: chrome=135.0.7049.42)
Stacktrace:
	GetHandleVerifier [0x00007FF7C0C41F55+78133]
	GetHandleVerifier [0x00007FF7C0C41FB0+78224]
	(No symbol) [0x00007FF7C0A091BA]
	(No symbol) [0x00007FF7C0A670D9]
	(No symbol) [0x00007FF7C0A64A92]
	(No symbol) [0x00007FF7C0A61B31]
	(No symbol) [0x00007FF7C0A60A31]
	(No symbol) [0x00007FF7C0A52164]
	(No symbol) [0x00007FF7C0A8715A]
	(No symbol) [0x00007FF7C0A51A16]
	(No symbol) [0x00007FF7C0A87370]
	(No symbol) [0x00007FF7C0AAF21F]
	(No symbol) [0x00007FF7C0A86F33]
	(No symbol) [0x00007FF7C0A50358]
	(No symbol) [0x00007FF7C0A510C3]
	GetHandleVerifier [0x00007FF7C0F0BA8D+3001453]
	GetHandleVerifier [0x00007FF7C0F05E72+2977874]
	GetHandleVerifier [0x00007FF7C0F2497D+3103581]
	GetHandleVerifier [0x00007FF7C0C5C7EA+186826]
	GetHandleVerifier [0x00007FF7C0C643FF+218591]
	GetHandleVerifier [0x00007FF7C0C49D94+110452]
	GetHandleVerifier [0x00007FF7C0C49F42+110882]
	GetHandleVerifier [0x00007FF7C0C30379+5465]
	BaseThreadInitThunk [0x00007FFAFFDFE8D7+23]
	RtlUserThreadStart [0x00007FFB01FBBF6C+44]

2025-04-08 22:52:54,289 - INFO - Clipboard content  is not a valid link.
2025-04-08 22:52:55,522 - INFO - Error in try block on line 124: Message: element click intercepted: Element <button type="button" class="Button-module--2AQvsc row gap-1 rounded-sm px-2 hover:bg-grey-50-a min-w-0 h-5 index-module--Xqq1rn Button-module--qEyijN Button-module--clkIKS" data-testid="composition-popover-trigger">...</button> is not clickable at point (814, 24). Other element would receive the click: <html lang="en" class="dark-ok ProjectEditorRedesign-module--wxlW3T">...</html>
  (Session info: chrome=135.0.7049.42)
Stacktrace:
	GetHandleVerifier [0x00007FF7C0C41F55+78133]
	GetHandleVerifier [0x00007FF7C0C41FB0+78224]
	(No symbol) [0x00007FF7C0A091BA]
	(No symbol) [0x00007FF7C0A670D9]
	(No symbol) [0x00007FF7C0A64A92]
	(No symbol) [0x00007FF7C0A61B31]
	(No symbol) [0x00007FF7C0A60A31]
	(No symbol) [0x00007FF7C0A52164]
	(No symbol) [0x00007FF7C0A8715A]
	(No symbol) [0x00007FF7C0A51A16]
	(No symbol) [0x00007FF7C0A87370]
	(No symbol) [0x00007FF7C0AAF21F]
	(No symbol) [0x00007FF7C0A86F33]
	(No symbol) [0x00007FF7C0A50358]
	(No symbol) [0x00007FF7C0A510C3]
	GetHandleVerifier [0x00007FF7C0F0BA8D+3001453]
	GetHandleVerifier [0x00007FF7C0F05E72+2977874]
	GetHandleVerifier [0x00007FF7C0F2497D+3103581]
	GetHandleVerifier [0x00007FF7C0C5C7EA+186826]
	GetHandleVerifier [0x00007FF7C0C643FF+218591]
	GetHandleVerifier [0x00007FF7C0C49D94+110452]
	GetHandleVerifier [0x00007FF7C0C49F42+110882]
	GetHandleVerifier [0x00007FF7C0C30379+5465]
	BaseThreadInitThunk [0x00007FFAFFDFE8D7+23]
	RtlUserThreadStart [0x00007FFB01FBBF6C+44]

2025-04-08 22:52:57,735 - INFO - Error in try block on line 124: Message: element click intercepted: Element <button type="button" class="Button-module--2AQvsc row gap-1 rounded-sm px-2 hover:bg-grey-50-a min-w-0 h-5 index-module--Xqq1rn Button-module--qEyijN Button-module--clkIKS" data-testid="composition-popover-trigger">...</button> is not clickable at point (814, 24). Other element would receive the click: <html lang="en" class="dark-ok ProjectEditorRedesign-module--wxlW3T">...</html>
  (Session info: chrome=135.0.7049.42)
Stacktrace:
	GetHandleVerifier [0x00007FF7C0C41F55+78133]
	GetHandleVerifier [0x00007FF7C0C41FB0+78224]
	(No symbol) [0x00007FF7C0A091BA]
	(No symbol) [0x00007FF7C0A670D9]
	(No symbol) [0x00007FF7C0A64A92]
	(No symbol) [0x00007FF7C0A61B31]
	(No symbol) [0x00007FF7C0A60A31]
	(No symbol) [0x00007FF7C0A52164]
	(No symbol) [0x00007FF7C0A8715A]
	(No symbol) [0x00007FF7C0A51A16]
	(No symbol) [0x00007FF7C0A87370]
	(No symbol) [0x00007FF7C0AAF21F]
	(No symbol) [0x00007FF7C0A86F33]
	(No symbol) [0x00007FF7C0A50358]
	(No symbol) [0x00007FF7C0A510C3]
	GetHandleVerifier [0x00007FF7C0F0BA8D+3001453]
	GetHandleVerifier [0x00007FF7C0F05E72+2977874]
	GetHandleVerifier [0x00007FF7C0F2497D+3103581]
	GetHandleVerifier [0x00007FF7C0C5C7EA+186826]
	GetHandleVerifier [0x00007FF7C0C643FF+218591]
	GetHandleVerifier [0x00007FF7C0C49D94+110452]
	GetHandleVerifier [0x00007FF7C0C49F42+110882]
	GetHandleVerifier [0x00007FF7C0C30379+5465]
	BaseThreadInitThunk [0x00007FFAFFDFE8D7+23]
	RtlUserThreadStart [0x00007FFB01FBBF6C+44]

2025-04-08 22:58:13,496 - INFO - Sorted .mp3 files: ['chapter-1-cornelius-fudge - Copy (2).mp3', 'chapter-3-death-chamber - Copy (2).mp3'] in folder inputFiles\test2
2025-04-08 22:58:25,083 - INFO - Sorted .mp3 files: ['chapter-1-cornelius-fudge - Copy (2).mp3', 'chapter-3-death-chamber - Copy (2).mp3'] in folder inputFiles\test3
2025-04-08 22:58:36,666 - INFO - Audio files to be uploaded: ['test2.mp3', 'test3.mp3']
2025-04-08 23:01:50,118 - INFO - Clipboard content  is not a valid link.
2025-04-08 23:01:51,360 - INFO - Error in try block on line 124: Message: element click intercepted: Element <button type="button" class="Button-module--2AQvsc row gap-1 rounded-sm px-2 hover:bg-grey-50-a min-w-0 h-5 index-module--Xqq1rn Button-module--qEyijN Button-module--clkIKS" data-testid="composition-popover-trigger">...</button> is not clickable at point (814, 24). Other element would receive the click: <html lang="en" class="dark-ok ProjectEditorRedesign-module--wxlW3T">...</html>
  (Session info: chrome=135.0.7049.42)
Stacktrace:
	GetHandleVerifier [0x00007FF7C0C41F55+78133]
	GetHandleVerifier [0x00007FF7C0C41FB0+78224]
	(No symbol) [0x00007FF7C0A091BA]
	(No symbol) [0x00007FF7C0A670D9]
	(No symbol) [0x00007FF7C0A64A92]
	(No symbol) [0x00007FF7C0A61B31]
	(No symbol) [0x00007FF7C0A60A31]
	(No symbol) [0x00007FF7C0A52164]
	(No symbol) [0x00007FF7C0A8715A]
	(No symbol) [0x00007FF7C0A51A16]
	(No symbol) [0x00007FF7C0A87370]
	(No symbol) [0x00007FF7C0AAF21F]
	(No symbol) [0x00007FF7C0A86F33]
	(No symbol) [0x00007FF7C0A50358]
	(No symbol) [0x00007FF7C0A510C3]
	GetHandleVerifier [0x00007FF7C0F0BA8D+3001453]
	GetHandleVerifier [0x00007FF7C0F05E72+2977874]
	GetHandleVerifier [0x00007FF7C0F2497D+3103581]
	GetHandleVerifier [0x00007FF7C0C5C7EA+186826]
	GetHandleVerifier [0x00007FF7C0C643FF+218591]
	GetHandleVerifier [0x00007FF7C0C49D94+110452]
	GetHandleVerifier [0x00007FF7C0C49F42+110882]
	GetHandleVerifier [0x00007FF7C0C30379+5465]
	BaseThreadInitThunk [0x00007FFAFFDFE8D7+23]
	RtlUserThreadStart [0x00007FFB01FBBF6C+44]

2025-04-08 23:01:53,590 - INFO - Error in try block on line 124: Message: element click intercepted: Element <button type="button" class="Button-module--2AQvsc row gap-1 rounded-sm px-2 hover:bg-grey-50-a min-w-0 h-5 index-module--Xqq1rn Button-module--qEyijN Button-module--clkIKS" data-testid="composition-popover-trigger">...</button> is not clickable at point (814, 24). Other element would receive the click: <html lang="en" class="dark-ok ProjectEditorRedesign-module--wxlW3T">...</html>
  (Session info: chrome=135.0.7049.42)
Stacktrace:
	GetHandleVerifier [0x00007FF7C0C41F55+78133]
	GetHandleVerifier [0x00007FF7C0C41FB0+78224]
	(No symbol) [0x00007FF7C0A091BA]
	(No symbol) [0x00007FF7C0A670D9]
	(No symbol) [0x00007FF7C0A64A92]
	(No symbol) [0x00007FF7C0A61B31]
	(No symbol) [0x00007FF7C0A60A31]
	(No symbol) [0x00007FF7C0A52164]
	(No symbol) [0x00007FF7C0A8715A]
	(No symbol) [0x00007FF7C0A51A16]
	(No symbol) [0x00007FF7C0A87370]
	(No symbol) [0x00007FF7C0AAF21F]
	(No symbol) [0x00007FF7C0A86F33]
	(No symbol) [0x00007FF7C0A50358]
	(No symbol) [0x00007FF7C0A510C3]
	GetHandleVerifier [0x00007FF7C0F0BA8D+3001453]
	GetHandleVerifier [0x00007FF7C0F05E72+2977874]
	GetHandleVerifier [0x00007FF7C0F2497D+3103581]
	GetHandleVerifier [0x00007FF7C0C5C7EA+186826]
	GetHandleVerifier [0x00007FF7C0C643FF+218591]
	GetHandleVerifier [0x00007FF7C0C49D94+110452]
	GetHandleVerifier [0x00007FF7C0C49F42+110882]
	GetHandleVerifier [0x00007FF7C0C30379+5465]
	BaseThreadInitThunk [0x00007FFAFFDFE8D7+23]
	RtlUserThreadStart [0x00007FFB01FBBF6C+44]

2025-04-08 23:02:27,391 - INFO - Clipboard content  is not a valid link.
2025-04-08 23:02:28,693 - INFO - Error in try block on line 124: Message: element click intercepted: Element <button type="button" class="Button-module--2AQvsc row gap-1 rounded-sm px-2 hover:bg-grey-50-a min-w-0 h-5 index-module--Xqq1rn Button-module--qEyijN Button-module--clkIKS" data-testid="composition-popover-trigger">...</button> is not clickable at point (814, 24). Other element would receive the click: <html lang="en" class="dark-ok ProjectEditorRedesign-module--wxlW3T">...</html>
  (Session info: chrome=135.0.7049.42)
Stacktrace:
	GetHandleVerifier [0x00007FF7C0C41F55+78133]
	GetHandleVerifier [0x00007FF7C0C41FB0+78224]
	(No symbol) [0x00007FF7C0A091BA]
	(No symbol) [0x00007FF7C0A670D9]
	(No symbol) [0x00007FF7C0A64A92]
	(No symbol) [0x00007FF7C0A61B31]
	(No symbol) [0x00007FF7C0A60A31]
	(No symbol) [0x00007FF7C0A52164]
	(No symbol) [0x00007FF7C0A8715A]
	(No symbol) [0x00007FF7C0A51A16]
	(No symbol) [0x00007FF7C0A87370]
	(No symbol) [0x00007FF7C0AAF21F]
	(No symbol) [0x00007FF7C0A86F33]
	(No symbol) [0x00007FF7C0A50358]
	(No symbol) [0x00007FF7C0A510C3]
	GetHandleVerifier [0x00007FF7C0F0BA8D+3001453]
	GetHandleVerifier [0x00007FF7C0F05E72+2977874]
	GetHandleVerifier [0x00007FF7C0F2497D+3103581]
	GetHandleVerifier [0x00007FF7C0C5C7EA+186826]
	GetHandleVerifier [0x00007FF7C0C643FF+218591]
	GetHandleVerifier [0x00007FF7C0C49D94+110452]
	GetHandleVerifier [0x00007FF7C0C49F42+110882]
	GetHandleVerifier [0x00007FF7C0C30379+5465]
	BaseThreadInitThunk [0x00007FFAFFDFE8D7+23]
	RtlUserThreadStart [0x00007FFB01FBBF6C+44]

2025-04-08 23:02:30,977 - INFO - Error in try block on line 124: Message: element click intercepted: Element <button type="button" class="Button-module--2AQvsc row gap-1 rounded-sm px-2 hover:bg-grey-50-a min-w-0 h-5 index-module--Xqq1rn Button-module--qEyijN Button-module--clkIKS" data-testid="composition-popover-trigger">...</button> is not clickable at point (814, 24). Other element would receive the click: <html lang="en" class="dark-ok ProjectEditorRedesign-module--wxlW3T">...</html>
  (Session info: chrome=135.0.7049.42)
Stacktrace:
	GetHandleVerifier [0x00007FF7C0C41F55+78133]
	GetHandleVerifier [0x00007FF7C0C41FB0+78224]
	(No symbol) [0x00007FF7C0A091BA]
	(No symbol) [0x00007FF7C0A670D9]
	(No symbol) [0x00007FF7C0A64A92]
	(No symbol) [0x00007FF7C0A61B31]
	(No symbol) [0x00007FF7C0A60A31]
	(No symbol) [0x00007FF7C0A52164]
	(No symbol) [0x00007FF7C0A8715A]
	(No symbol) [0x00007FF7C0A51A16]
	(No symbol) [0x00007FF7C0A87370]
	(No symbol) [0x00007FF7C0AAF21F]
	(No symbol) [0x00007FF7C0A86F33]
	(No symbol) [0x00007FF7C0A50358]
	(No symbol) [0x00007FF7C0A510C3]
	GetHandleVerifier [0x00007FF7C0F0BA8D+3001453]
	GetHandleVerifier [0x00007FF7C0F05E72+2977874]
	GetHandleVerifier [0x00007FF7C0F2497D+3103581]
	GetHandleVerifier [0x00007FF7C0C5C7EA+186826]
	GetHandleVerifier [0x00007FF7C0C643FF+218591]
	GetHandleVerifier [0x00007FF7C0C49D94+110452]
	GetHandleVerifier [0x00007FF7C0C49F42+110882]
	GetHandleVerifier [0x00007FF7C0C30379+5465]
	BaseThreadInitThunk [0x00007FFAFFDFE8D7+23]
	RtlUserThreadStart [0x00007FFB01FBBF6C+44]

2025-04-08 23:03:07,187 - INFO - Clipboard content  is not a valid link.
2025-04-08 23:03:08,468 - INFO - Error in try block on line 124: Message: element click intercepted: Element <button type="button" class="Button-module--2AQvsc row gap-1 rounded-sm px-2 hover:bg-grey-50-a min-w-0 h-5 index-module--Xqq1rn Button-module--qEyijN Button-module--clkIKS" data-testid="composition-popover-trigger">...</button> is not clickable at point (814, 24). Other element would receive the click: <html lang="en" class="dark-ok ProjectEditorRedesign-module--wxlW3T">...</html>
  (Session info: chrome=135.0.7049.42)
Stacktrace:
	GetHandleVerifier [0x00007FF7C0C41F55+78133]
	GetHandleVerifier [0x00007FF7C0C41FB0+78224]
	(No symbol) [0x00007FF7C0A091BA]
	(No symbol) [0x00007FF7C0A670D9]
	(No symbol) [0x00007FF7C0A64A92]
	(No symbol) [0x00007FF7C0A61B31]
	(No symbol) [0x00007FF7C0A60A31]
	(No symbol) [0x00007FF7C0A52164]
	(No symbol) [0x00007FF7C0A8715A]
	(No symbol) [0x00007FF7C0A51A16]
	(No symbol) [0x00007FF7C0A87370]
	(No symbol) [0x00007FF7C0AAF21F]
	(No symbol) [0x00007FF7C0A86F33]
	(No symbol) [0x00007FF7C0A50358]
	(No symbol) [0x00007FF7C0A510C3]
	GetHandleVerifier [0x00007FF7C0F0BA8D+3001453]
	GetHandleVerifier [0x00007FF7C0F05E72+2977874]
	GetHandleVerifier [0x00007FF7C0F2497D+3103581]
	GetHandleVerifier [0x00007FF7C0C5C7EA+186826]
	GetHandleVerifier [0x00007FF7C0C643FF+218591]
	GetHandleVerifier [0x00007FF7C0C49D94+110452]
	GetHandleVerifier [0x00007FF7C0C49F42+110882]
	GetHandleVerifier [0x00007FF7C0C30379+5465]
	BaseThreadInitThunk [0x00007FFAFFDFE8D7+23]
	RtlUserThreadStart [0x00007FFB01FBBF6C+44]

2025-04-08 23:03:10,801 - INFO - Error in try block on line 124: Message: element click intercepted: Element <button type="button" class="Button-module--2AQvsc row gap-1 rounded-sm px-2 hover:bg-grey-50-a min-w-0 h-5 index-module--Xqq1rn Button-module--qEyijN Button-module--clkIKS" data-testid="composition-popover-trigger">...</button> is not clickable at point (814, 24). Other element would receive the click: <html lang="en" class="dark-ok ProjectEditorRedesign-module--wxlW3T">...</html>
  (Session info: chrome=135.0.7049.42)
Stacktrace:
	GetHandleVerifier [0x00007FF7C0C41F55+78133]
	GetHandleVerifier [0x00007FF7C0C41FB0+78224]
	(No symbol) [0x00007FF7C0A091BA]
	(No symbol) [0x00007FF7C0A670D9]
	(No symbol) [0x00007FF7C0A64A92]
	(No symbol) [0x00007FF7C0A61B31]
	(No symbol) [0x00007FF7C0A60A31]
	(No symbol) [0x00007FF7C0A52164]
	(No symbol) [0x00007FF7C0A8715A]
	(No symbol) [0x00007FF7C0A51A16]
	(No symbol) [0x00007FF7C0A87370]
	(No symbol) [0x00007FF7C0AAF21F]
	(No symbol) [0x00007FF7C0A86F33]
	(No symbol) [0x00007FF7C0A50358]
	(No symbol) [0x00007FF7C0A510C3]
	GetHandleVerifier [0x00007FF7C0F0BA8D+3001453]
	GetHandleVerifier [0x00007FF7C0F05E72+2977874]
	GetHandleVerifier [0x00007FF7C0F2497D+3103581]
	GetHandleVerifier [0x00007FF7C0C5C7EA+186826]
	GetHandleVerifier [0x00007FF7C0C643FF+218591]
	GetHandleVerifier [0x00007FF7C0C49D94+110452]
	GetHandleVerifier [0x00007FF7C0C49F42+110882]
	GetHandleVerifier [0x00007FF7C0C30379+5465]
	BaseThreadInitThunk [0x00007FFAFFDFE8D7+23]
	RtlUserThreadStart [0x00007FFB01FBBF6C+44]

2025-04-08 23:08:07,797 - INFO - Sorted .mp3 files: ['chapter-1-cornelius-fudge - Copy (2).mp3', 'chapter-3-death-chamber - Copy (2).mp3'] in folder inputFiles\test2
2025-04-08 23:08:19,242 - INFO - Sorted .mp3 files: ['chapter-1-cornelius-fudge - Copy (2).mp3', 'chapter-3-death-chamber - Copy (2).mp3'] in folder inputFiles\test3
2025-04-08 23:08:30,644 - INFO - Audio files to be uploaded: ['test2.mp3', 'test3.mp3']
2025-04-08 23:11:43,163 - INFO - Clipboard content  is not a valid link.
2025-04-08 23:11:43,599 - INFO - Clipboard content  is not a valid link.
2025-04-08 23:14:58,046 - INFO - Clipboard content  is not a valid link.
2025-04-08 23:14:58,479 - INFO - Clipboard content  is not a valid link.
2025-04-08 23:17:44,386 - INFO - Sorted .mp3 files: ['chapter-1-cornelius-fudge - Copy (2).mp3', 'chapter-3-death-chamber - Copy (2).mp3'] in folder inputFiles\test2
2025-04-08 23:17:56,039 - INFO - Sorted .mp3 files: ['chapter-1-cornelius-fudge - Copy (2).mp3', 'chapter-3-death-chamber - Copy (2).mp3'] in folder inputFiles\test3
2025-04-08 23:18:07,593 - INFO - Audio files to be uploaded: ['test2.mp3', 'test3.mp3']
2025-04-08 23:29:06,058 - INFO - Sorted .mp3 files: ['chapter-1-cornelius-fudge - Copy (2).mp3', 'chapter-3-death-chamber - Copy (2).mp3'] in folder inputFiles\test2
2025-04-08 23:29:18,732 - INFO - Sorted .mp3 files: ['chapter-1-cornelius-fudge - Copy (2).mp3', 'chapter-3-death-chamber - Copy (2).mp3'] in folder inputFiles\test3
2025-04-08 23:29:30,306 - INFO - Audio files to be uploaded: ['test2.mp3', 'test3.mp3']
2025-04-08 23:32:19,158 - INFO - Clipboard content  is not a valid link.
2025-04-08 23:32:21,470 - INFO - Clipboard content  is not a valid link.
2025-04-08 23:32:23,740 - INFO - Clipboard content  is not a valid link.
2025-04-08 23:32:26,059 - INFO - Clipboard content  is not a valid link.
2025-04-08 23:32:28,410 - INFO - Clipboard content  is not a valid link.
2025-04-08 23:32:30,709 - INFO - Clipboard content  is not a valid link.
2025-04-08 23:32:33,056 - INFO - Clipboard content  is not a valid link.
2025-04-08 23:32:35,336 - INFO - Clipboard content  is not a valid link.
2025-04-08 23:32:37,656 - INFO - Clipboard content  is not a valid link.
2025-04-08 23:39:41,847 - INFO - Sorted .mp3 files: ['chapter-1-cornelius-fudge - Copy (2).mp3', 'chapter-3-death-chamber - Copy (2).mp3'] in folder inputFiles\test2
2025-04-08 23:39:50,896 - INFO - Audio files to be uploaded: ['test2.mp3', 'test3.mp3']
2025-04-08 23:41:48,032 - INFO - Audio files to be uploaded: ['test2.mp3', 'test3.mp3']
2025-04-08 23:41:58,802 - INFO - Sorted .mp3 files: ['chapter-1-cornelius-fudge - Copy (2).mp3', 'chapter-3-death-chamber - Copy (2).mp3'] in folder inputFiles\test2
2025-04-08 23:42:10,133 - INFO - Sorted .mp3 files: ['chapter-1-cornelius-fudge - Copy (2).mp3', 'chapter-3-death-chamber - Copy (2).mp3'] in folder inputFiles\test3
2025-04-08 23:42:21,627 - INFO - Audio files to be uploaded: ['test2.mp3', 'test3.mp3']
2025-04-08 23:46:02,879 - INFO - Clipboard content  is not a valid link.
2025-04-08 23:46:05,264 - INFO - Saved link: https://share.descript.com/view/QTrZbQ4e7Pi to downloadLinks.txt
2025-04-08 23:47:31,390 - INFO - Saved link: https://share.descript.com/view/QTrZbQ4e7Pi to downloadLinks.txt
2025-04-08 23:47:32,743 - INFO - Downloading from https://share.descript.com/view/QTrZbQ4e7Pi...
2025-04-08 23:47:56,573 - INFO - Downloading from https://share.descript.com/view/QTrZbQ4e7Pi...
2025-04-08 23:50:14,295 - INFO - Sorted .mp3 files: ['chapter-1-cornelius-fudge - Copy (2).mp3', 'chapter-3-death-chamber - Copy (2).mp3'] in folder inputFiles\test2
2025-04-08 23:50:26,373 - INFO - Sorted .mp3 files: ['chapter-1-cornelius-fudge - Copy (2).mp3', 'chapter-3-death-chamber - Copy (2).mp3'] in folder inputFiles\test3
2025-04-08 23:50:37,758 - INFO - Audio files to be uploaded: ['test2.mp3', 'test3.mp3']
2025-04-08 23:55:56,877 - INFO - Sorted .mp3 files: ['chapter-1-cornelius-fudge - Copy (2).mp3', 'chapter-3-death-chamber - Copy (2).mp3'] in folder inputFiles\test2
2025-04-08 23:56:08,847 - INFO - Sorted .mp3 files: ['chapter-1-cornelius-fudge - Copy (2).mp3', 'chapter-3-death-chamber - Copy (2).mp3'] in folder inputFiles\test3
2025-04-08 23:56:20,203 - INFO - Audio files to be uploaded: ['test2.mp3', 'test3.mp3']
2025-04-08 23:59:20,510 - INFO - Clipboard content  is not a valid link.
2025-04-08 23:59:22,888 - INFO - Saved link: https://share.descript.com/view/RpBHpAKMv2w to downloadLinks.txt
2025-04-09 00:01:04,854 - INFO - Clipboard content  is not a valid link.
2025-04-09 00:01:07,241 - INFO - Saved link: https://share.descript.com/view/YBHOWNWoosK to downloadLinks.txt
2025-04-09 00:01:08,511 - INFO - Downloading from https://share.descript.com/view/RpBHpAKMv2w...
2025-04-09 00:01:33,857 - INFO - Downloading from https://share.descript.com/view/YBHOWNWoosK...
2025-04-09 00:04:33,701 - INFO - Audio files to be uploaded: ['test2.mp3', 'test3.mp3']
2025-04-09 00:06:14,609 - INFO - Audio files to be uploaded: ['test2.mp3', 'test3.mp3']
2025-04-09 00:09:58,980 - INFO - Clipboard content  is not a valid link.
2025-04-09 00:10:01,394 - INFO - Saved link: https://share.descript.com/view/EMh9bFRsJkT to downloadLinks.txt
2025-04-09 00:11:39,973 - INFO - Clipboard content  is not a valid link.
2025-04-09 00:11:42,354 - INFO - Saved link: https://share.descript.com/view/TmYmFataJ3O to downloadLinks.txt
2025-04-09 00:11:43,592 - INFO - Downloading from https://share.descript.com/view/EMh9bFRsJkT...
2025-04-09 00:12:07,205 - INFO - Downloading file: original.m4a to D:\FreelanceProjects\Upwork\Jacky Yu\Descript\downloadedAudio\original.m4a
2025-04-09 00:12:12,298 - INFO - Downloading from https://share.descript.com/view/TmYmFataJ3O...
2025-04-09 00:13:29,442 - INFO - Downloading file: original.m4a to D:\FreelanceProjects\Upwork\Jacky Yu\Descript\downloadedAudio\original.m4a
